<?xml version="1.0" encoding="UTF-8"?>
<!-- Generated by org.testng.reporters.JUnitReportReporter -->
<testsuite hostname="CTSNJY27104" name="com.selenium.FirstTest" tests="2" failures="0" timestamp="6 Nov 2014 06:18:04 GMT" time="0.498" errors="0">
  <testcase name="loginTest" time="0.407" classname="com.selenium.FirstTest"/>
  <testcase name="homepageTest" time="0.091" classname="com.selenium.FirstTest"/>
</testsuite> <!-- com.selenium.FirstTest -->
