<?xml version="1.0" encoding="UTF-8"?>
<!-- Generated by org.testng.reporters.JUnitReportReporter -->
<testsuite hostname="CTSNJY27104" name="com.selenium.loginTest" tests="2" failures="0" timestamp="8 Nov 2014 06:32:12 GMT" time="2.023" errors="0">
  <testcase name="login_neg_Test" time="0.420" classname="com.selenium.loginTest"/>
  <testcase name="login_neg_Test" time="1.603" classname="com.selenium.loginTest"/>
</testsuite> <!-- com.selenium.loginTest -->
