<?xml version="1.0" encoding="UTF-8"?>
<!-- Generated by org.testng.reporters.JUnitReportReporter -->
<testsuite hostname="CTSNJY27104" name="com.selenium.FirstTest" tests="2" failures="0" timestamp="8 Nov 2014 05:31:07 GMT" time="1.683" errors="0">
  <testcase name="loginTest" time="1.583" classname="com.selenium.FirstTest"/>
  <testcase name="homepageTest" time="0.100" classname="com.selenium.FirstTest"/>
</testsuite> <!-- com.selenium.FirstTest -->
