<?xml version="1.0" encoding="UTF-8"?>
<!-- Generated by org.testng.reporters.JUnitReportReporter -->
<testsuite hostname="CTSNJY27104" name="com.selenium.loginTest" tests="2" failures="0" timestamp="8 Nov 2014 05:39:21 GMT" time="4.333" errors="0">
  <testcase name="login_neg_Test" time="2.845" classname="com.selenium.loginTest"/>
  <testcase name="login_neg_Test" time="1.488" classname="com.selenium.loginTest"/>
</testsuite> <!-- com.selenium.loginTest -->
